<?xml version="1.0" encoding="UTF-8"?>
<testsuite name="cs271.lab.list.TestPerformance" tests="4" skipped="0" failures="0" errors="0" timestamp="2024-01-20T01:52:29" hostname="Alinas-MacBook-Air.local" time="0.047">
  <properties/>
  <testcase name="testArrayListAccess" classname="cs271.lab.list.TestPerformance" time="0.006"/>
  <testcase name="testLinkedListAddRemove" classname="cs271.lab.list.TestPerformance" time="0.015"/>
  <testcase name="testLinkedListAccess" classname="cs271.lab.list.TestPerformance" time="0.006"/>
  <testcase name="testArrayListAddRemove" classname="cs271.lab.list.TestPerformance" time="0.019"/>
  <system-out><![CDATA[]]></system-out>
  <system-err><![CDATA[]]></system-err>
</testsuite>
